[    0.0000Intializing ro subsys cpuset
[    0.000000] Initializing cgroup subsys cpu
[    0.000000] Initializing cgroup subsys cpuacct
[    0.000000] Lin vsion 44.0-141-genericbuildd@cy-a64-006(g version 5.4.0 20160609 (Ubuntu 5.4.0-6ubuntu1~16.04.10) ) #167-Ubuntu SMP Wed Dec 5 10:40:15 UTC 2018 (Ubuntu 4.4.0-141.167-generic 4.4.162)
[    0.000000] Command line: BOOT_IMAGE=/boot/vmlinuz-4.4.0-141-generic root=LABEL=cloudimg-rootfs ro console=tty1 console=ttyS0
[    0.000000] KERNEL supported cpus:
[    0.000000]   Intel GenuineIntel
[    0.000000]   AMD AutencAMD
[    0.000000]   Centaurenurauls
[    0000] x86/fpu: xstate_offset[2]:  576, xstate_sizes[2]:  256
[    0.0000x86/fpu: SupporngSAVE feure 0x01: 'x87 floating point registers'
[    0.000000] x86/fpu: Supporting XSAVE feature 0x02: 'SSE registers'
[    0.000000] x86/fpu: Supporting XSAVE feature 0x04: 'AVX registers'
[    0.000000] x86/fpu: Enabled xstate features 0x7, context size is 832 bytes, using 'standard' format.
[    0.000000] e820: BIOS-provided physical RAM map:
[    0.000000] BIOS-e820: [mem 0x0000000000000000-0x000000000009fbff] usable
[    0.000000] BIOS-e820: [mem 0x000000000009fc00-0x000000000009ffff] reserved
[    0.000000] BIOS-e820: [mem 0x00000000000f0000-0x00000000000fffff] reserved
[    0.000000] BIOS-e820: [mem 0x0000000000100000-0x000000003ffeffff] usable
[    0.000000] BIOS-e820: [mem 0x000000003fff0000-0x000000003fffffff] ACPI data
[    0.000000] BIOS-e820: [mem 0x00000000fec00000-0x00000000fec00fff] reserved
[    0.000000] BIOS-e820: [mem 0x00000000fe00000-0x00000000fee00fff] reserved
[    0.000000] BIOS-e820: [mem 0x00000000ffc0000-0x00000000ffffff] serv
[    0.000000]  (ecte Disae)roectionacve
[   .0000] SMBIOS 2.5 present.
[    0.000000] Hypervisor detected: KVM
[    0.000000] e820: last_pfn = 0x3fff0 max_arch_pfn = 0x400000000
[    0.000000] MTRR: Disabled
[    0.000000] x86/PAT: MTRRs disabled sppg PAT itialization too.
[    0.00000 CPU MTs l lank virtualid system.
[    0.000000] x86/PAT: Configuration [0-7]: WB  WT  UC- UC  WB  WT  UC- UC  
[    0.000] founSMMPtable at [mem 0x0009fff0-0x0009ffff] mapped at [ffff88000009fff0]
[    0.000000] Scanning 1 arasor low memory corruptio
[    0.00] RAMDISK: [mem 0x3630a000-0x3717cfff]
[    0.000000] ACPI: Early table checksum verification disabled
[    0.000000] ACPI: RSDP 0x00000000000E0000 000024 (v02 VBOX  )
[    0.000000] ACPI: XSDT 0x000000003FFF0030 00003C (v01 VBOX   VBOXXSDT 00000001 ASL  00000061)
[    0.000000] ACPI: FACP 0x000000003FFF00F0 0000F4 (v04 VBOX   VBOXFACP 00000001 ASL  000001)
[    0.000000] ACPI: DSDT 0x000000003FFF0470 0021FF (v02 VBOX   VBOXBIOS 00000002 INTL 20100528)
[    0.000000] ACPI: FACS 0x000000003FFF0200 000040
[    0.000000] ACPI: FACS 0x000000003FFF0200 000040
[    0.000000] ACPI: APIC 0x000000003FFF0240 00005C (v02 VBOX   VBOXAPIC 00000001 ASL  00000061)
[    0.000000] ACPI: SSDT 0x00000000FFF02 001CC (v0VB  VBOXCP 000002 INTL 20100528)
[    0.000] No NUMAonguration found
[    0.000000] Faking a node at [mem 0x0000000000000000-0x000000003ffeffff]
[    0.000000] NODE_DATA(0) allocated [mem 0x3ffeb000-0x3ffeffff]
[    0.000000] kvm-clock: Using msrs 4b564d01 and 4b564d0
[    0.000000] kvm-clock: cu 0, msr 0:3ffe3001, primary u clock
[    0.000000] kvm-clock: using sched offset of 3741504565 cycles
[    0.000000] clocksource: kvm-clock: mask: 0xffffffffffffffff max_cycles: 0x1cd42e4dffb, max_idle_ns: 881590591483 ns
[    0.000000] Zone ranges:
[    0.000000]   DMA      [mem 0x0000000000001000-0x0000000000ffffff]
[    0.000000]   DMA32    [mem 0x0000000001000000-0x000000003ffeffff]
[    0.000000]   Normal   empty
[    0.000000]   Device   empty
[    0.000000] Movable zone start for each node
[    0.000000] Early memory node ranges
[    0.000000]   node   0: [mem 0x0000000000001000-0x000000000009efff]
[    0.000000]   node   0: [mem 0x0000000000100000-0x000000003ffeffff]
[    0.000000] Initmem setup node 0 [mem 0x0000000000001000-0x000000003ffeffff]
[    0.000000] ACPI: PM-Timer IO Port: 0x4008
[    0.000000] IOAPIC[0]: apic_id 2, version 32, address 0xfec00000, GSI 0-23
[    0.000000] ACPI: INT_SRC_OVR (bus 0 bus_irq 0 global_irq 2 dfl dfl)
[    0.000000] ACPI: INT_SRC_OVR (bus 0 bus_irq 9 global_irq 9 low level)
[    0.000000] Using ACPI (MADT) for SMP configuration information
[    0.000000] smpboot: Allowing 2 CPUs, 0 hotplug CPUs
[    0.000000] PM: Registered nosave memory: [mem 0x00000000-0x0000fff]
[    0.000000] PM: Registered nosave memory: [mem 0x0009f000-0x0009ffff]
[    0.000000] PM: Registered nosave memor [m 0x000a000x00eff]
[    0.000] PM:egistered nosave memory:mem 0x0f00-x000fffff]
[    0.000000] e820: [mem 0x40000000-0xfebfffff] available for PCI devices
[    0.000000] Booting paravirtualized kernel on KVM
[    0.000000] clocksource: rfied-jiffies: mas 0fffffff max_cycles: 0xffffffff, max_idle_ns: 7645519600211568 ns
[    0.000000] setup_percpu: NR_CPUS:512 nr_cpumask_bits:512 nr_cpu_ids:2 nr_node_ids:1
[    0.000000] PERCPU: Embedded 34 pagecp@fff003f000 s99608 r8192 d31464 u1048576
[    0.000000] PV qspinckash tae nties: 256 (ord:  4096 bytes)[  0.0000]uilt 1oniss in Ne der, mobity grpig on.  Total pages: 257912
[    0.000000] Policy zone: DMA32
[    0.000000] Kernel command line: BOOT_IMAGE=/boot/vmlinuz-4.4.0-141-generic root=LABEL=cloudimg-rootfs ro console=tty1 console=ttyS0
[    0.000000] PID hash table entries: 4096 (order: 3, 32768 bytes)
[    0.000000] Memory: 997708K/1048120K available (8568K kernel code, 1314K rwdata, 4008K rodata, 1528K init, 1316K bss, 50412K reserved, 0K cma-reserved)
[    0.000000] SLUB: HWalign=64, Order=0-3, MinObjects=0, CPUs=2, Nodes=1
[    0.000000] Kernel/User page tables isolation: enabled
[    0.000000] Hierarchical RCU implementation.
[    0.000000] 	Build-time adjustment of leaf fanout to 64.
[    0.000000] 	RCU restricting CPUs from NR_CPUS=512 to nr_cpu_ids=2.
[    0.000000] RCU: Adjusting geometry for rcu_fanout_leaf=64, nr_cpu_ids=2
[    0.000000] NR_IRQS:33024 nr_irqs:440 16
[    0.000000] Console: colour VGA+ 80x25
[    0.000000] console [tty1] enabled
[    0.000000] console [ttyS0] enabled
[    0.000000] tsc: Detected 2303.998 MHz processor
[    2.912493] Calibrating delay loop (skipped) preset value.. 4607.99 BogoMIPS (lpj=9215992)
[    2.919891] pid_max: default: 32768 minimum: 301
[    2.924251] ACPI: Core revision 20150930
[    2.927334] ACPI: 2 ACPI AML tables successfully acquired and loaded
[    2.930837] Security Framework initialized
[    2.936113] Yama: becoming mindful.
[    2.937907] AppArmor: AppArmor initialized
[    2.941069] Dentry cache hash table entries: 131072 (order: 8, 1048576 bytes)
[    2.948341] Inode-cache hash table entries: 65536 (order: 7, 524288 bytes)
[    2.951270] Mount-cache hash table entries: 2048 (order: 2, 16384 bytes)
[    2.959540] Mountpoint-cache hash table entries: 2048 (order: 2, 16384 bytes)
[    2.971743] Initializing cgroup subsys io
[    2.980014] Initializing cgroup subsys memory
[    2.992491] Initializing cgroup subsys devices
[    2.993541] Initializing cgroup subsys freezer
[    2.994759] Initializing cgroup subsys net_cls
[    3.001637] Initializing cgroup subsys perf_event
[    3.019547] Initializing cgroup subsys net_prio
[    3.020919] Initializing cgroup subsys hugetlb
[    3.029867] Initializing cgroup subsys pids
[    3.032258] mce: CPU supports 0 MCE banks
[    3.039039] Last level iTLB entries: 4KB 64, 2MB 8, 4MB 8
[    3.062666] Last level dTLB entries: 4KB 64, 2MB 0, 4MB 0, 1GB 4
[    3.107996] Spectre V2 : Mitigation: Full generic retpoline
[    3.140329] Spectre V2 : Spectre v2 mitigation: Speculation control IBPB not-supported IBRS not-supported
[    3.148532] Spectre V2 : Spectre v2 / SpectreRSB mitigation: Filling RSB on context switch
[    3.184949] Speculative Store Bypass: Vulnerable
[    3.222299] Freeing SMP alternatives memory: 32K
[    3.252925] ftrace: allocating 32291 entries in 127 pages
[    3.305965] smpboot: APIC(0) Converting physical 0 to logical package 0
[    3.376841] smpboot: Max logical packages: 1
[    3.388033] x2apic enabled
[    3.389140] Switched APIC routing to physical x2apic.
[    3.403277] ..TIMER: vector=0x30 apic1=0 pin1=2 apic2=-1 pin2=-1
[    3.516363] smpboot: CPU0: Intel(R) Core(TM) i5-7360U CPU @ 2.30GHz (family: 0x6, model: 0x8e, stepping: 0x9)
[    3.603287] Performance Events: unsupported p6 CPU model 142 no PMU driver, software events only.
[    3.640953] KVM setup paravirtual spinlock
[    3.669020] x86: Booting SMP configuration:
[    3.670348] .... node  #0, CPUs:      #1
[    3.671786] kvm-clock: cpu 1, msr 0:3ffe3041, secondary cpu clock
[    3.674368] mce: CPU supports 0 MCE banks
[    3.677111] x86: Booted up 1 node, 2 CPUs
[    3.715659] smpboot: Total of 2 processors activated (9215.99 BogoMIPS)
[    3.741936] devtmpfs: initialized
[    3.769256] evm: security.selinux
[    3.789542] evm: security.SMACK64
[    3.810299] evm: security.SMACK64EXEC
[    3.818300] evm: security.SMACK64TRANSMUTE
[    3.831993] evm: security.SMACK64MMAP
[    3.833136] evm: security.ima
[    3.838660] evm: security.capability
[    3.852268] clocksource: jiffies: mask: 0xffffffff max_cycles: 0xffffffff, max_idle_ns: 7645041785100000 ns
[    3.902363] futex hash table entries: 512 (order: 3, 32768 bytes)
[    3.917748] pinctrl core: initialized pinctrl subsystem
[    3.931522] RTC time:  6:00:26, date: 05/30/19
[    3.983599] NET: Registered protocol family 16
[    4.010564] cpuidle: using governor ladder
[    4.022981] cpuidle: using governor menu
[    4.024243] PCCT header not found.
[    4.031286] ACPI: bus type PCI registered
[    4.036025] acpiphp: ACPI Hot Plug PCI Controller Driver version: 0.5
[    4.038710] PCI: Using configuration type 1 for base access
[    4.060037] ACPI: Added _OSI(Module Device)
[    4.062181] ACPI: Added _OSI(Processor Device)
[    4.072274] ACPI: Added _OSI(3.0 _SCP Extensions)
[    4.074257] ACPI: Added _OSI(Processor Aggregator Device)
[    4.096933] ACPI: Executed 1 blocks of module-level executable AML code
[    4.141901] ACPI: Interpreter enabled
[    4.154186] ACPI: (supports S0 S5)
[    4.159845] ACPI: Using IOAPIC for interrupt routing
[    4.177769] PCI: Using host bridge windows from ACPI; if necessary, use "pci=nocrs" and report a bug
[    4.200263] ACPI: PCI Root Bridge [PCI0] (domain 0000 [bus 00-ff])
[    4.229856] acpi PNP0A03:00: _OSC: OS supports [ASPM ClockPM Segments MSI]
[    4.255856] acpi PNP0A03:00: _OSC: not requesting OS control; OS requires [ExtendedConfig ASPM ClockPM MSI]
[    4.308417] acpi PNP0A03:00: fail to add MMCONFIG information, can't access extended PCI configuration space under this bridge.
[    4.338587] PCI host bridge to bus 0000:00
[    4.365174] pci_bus 0000:00: root bus resource [io  0x0000-0x0cf7 window]
[    4.394945] pci_bus 0000:00: root bus resource [io  0x0d00-0xffff window]
[    4.407936] pci_bus 0000:00: root bus resource [mem 0x000a0000-0x000bffff window]
[    4.420409] pci_bus 0000:00: root bus resource [mem 0x40000000-0xfdffffff window]
[    4.467182] pci_bus 0000:00: root bus resource [bus 00-ff]
[    4.475594] pci 0000:00:01.1: legacy IDE quirk: reg 0x10: [io  0x01f0-0x01f7]
[    4.531589] pci 0000:00:01.1: legacy IDE quirk: reg 0x14: [io  0x03f6]
[    4.590352] pci 0000:00:01.1: legacy IDE quirk: reg 0x18: [io  0x0170-0x0177]
[    4.621349] pci 0000:00:01.1: legacy IDE quirk: reg 0x1c: [io  0x0376]
[    4.675443] pci 0000:00:07.0: quirk: [io  0x4000-0x403f] claimed by PIIX4 ACPI
[    4.691964] pci 0000:00:07.0: quirk: [io  0x4100-0x410f] claimed by PIIX4 SMB
[    4.730964] ACPI: PCI Interrupt Link [LNKA] (IRQs 5 9 10 *11)
[    4.765853] ACPI: PCI Interrupt Link [LNKB] (IRQs 5 9 *10 11)
[    4.792711] ACPI: PCI Interrupt Link [LNKC] (IRQs 5 *9 10 11)
[    4.800519] ACPI: PCI Interrupt Link [LNKD] (IRQs 5 9 10 *11)
[    4.828030] ACPI: Enabled 2 GPEs in block 00 to 07
[    4.862801] vgaarb: setting as boot device: PCI:0000:00:02.0
[    4.870232] vgaarb: device added: PCI:0000:00:02.0,decodes=io+mem,owns=io+mem,locks=none
[    4.925152] vgaarb: loaded
[    4.955754] vgaarb: bridge control possible 0000:00:02.0
[    4.963165] SCSI subsystem initialized
[    4.964668] ACPI: bus type USB registered
[    4.977463] usbcore: registered new interface driver usbfs
[    4.979069] usbcore: registered new interface driver hub
[    4.996459] usbcore: registered new device driver usb
[    5.001886] PCI: Using ACPI for IRQ routing
[    5.008177] NetLabel: Initializing
[    5.048683] NetLabel:  domain hash size = 128
[    5.050005] NetLabel:  protocols = UNLABELED CIPSOv4
[    5.073716] NetLabel:  unlabeled traffic allowed by default
[    5.097074] amd_nb: Cannot enumerate AMD northbridges
[    5.098415] clocksource: Switched to clocksource kvm-clock
[    5.106934] AppArmor: AppArmor Filesystem Enabled
[    5.108223] pnp: PnP ACPI init
[    5.110068] pnp: PnP ACPI: found 3 devices
[    5.124915]locksource: acppm: mas 0fff x_cl: ffffmaid_n 25710 n
[  5234]ETRestred protocol family 2
[    6.202786] TCP established hash table entries: 8192 (order: 4, 65536 bytes)
[    6.204412] TCP bind hash table entries: 8192 (order: 5, 131072 bytes)
[    6.205936] TCP: Hash tables configured (established 8192 bind 8192)
[    6.207398] UDP hash table entries: 512 (order: 2, 16384 bytes)
[    6.208956] UDP-Lite hash table entries: 512 (order: 2, 16384 bytes)
[    6.210859] NET: Registered protocol family 1
[    6.211982] pci 0000:00:00.0: Limiting direct PCI/PCI transfers
[    6.213367] pci 0000:00:01.0: Activating ISA DMA hang workarounds
[    6.214960] Unpacking initramfs...
[    6.431770] Freeing initrd memory: 14796K
[    6.463072] platform rtc_cmos: registered platform RTC device (no PNP device found)
[    6.472184] Scanning for low memory corruption every 60 seconds
[    6.513060] audit: initializing netlink subsys (disabled)
[    6.514681] audit: type=2000 audit(1559196030.354:1): initialized
[    6.595506] Initialise system trusted keyring
[    6.622531] HugeTLB registered 2 MB page size, pre-allocated 0 pages
[    6.666957] zbud: loaded
[    6.716138] VFS: Disk quotas dquot_6.6.0
[    6.752582] VFS: Dquot-cache hash table entries: 512 (order 0, 4096 bytes)
[    6.855668] squashfs: version 4.0 (2009/01/31) Phillip Lougher
[    7.004913] fuse init (API version 7.23)
[    7.072530] Key type big_key registered
[    7.147737] Allocating IMA MOK and blacklist keyrings.
[    7.208192] Key type asymmetric registered
[    7.209192] Asymmetric key parser 'x509' registered
[    7.210353] Block layer SCSI generic (bsg) driver version 0.4 loaded (major 249)
[    7.303238] io scheduler noop registered
[    7.304417] io scheduler deadline registered (default)
[    7.305896] io scheduler cfq registered
[    7.308898] pci_hotplug: PCI Hot Plug PCI Core version: 0.5
[    7.310249] pciehp: PCI Express Hot Plug Controller Driver version: 0.4
[    7.312456] ACPI: AC Adapter [AC] (on-line)
[    7.315900] input: Power Button as /devices/LNXSYSTM:00/LNXPWRBN:00/input/input0
[    7.318151] ACPI: Power Button [PWRF]
[    7.319429] input: Sleep Button as /devices/LNXSYSTM:00/LNXSLPBN:00/input/input1
[    7.323487] ACPI: Sleep Button [SLPF]
[    7.325952] ACPI: Battery Slot [BAT0] (battery present)
[    7.330461] GHES: HEST is not enabled!
[    7.335088] Serial: 8250/16550 driver, 32 ports, IRQ sharing enabled
[    7.367715] 00:02: ttyS0 at I/O 0x3f8 (irq = 4, base_baud = 115200) is a 16550A
[    7.388823] Linux agpgart interface v0.103
[    7.436388] loop: module loaded
[    7.495003] tsc: Refined TSC clocksource calibration: 2303.118 MHz
[    7.543432] clocksource: tsc: mask: 0xffffffffffffffff max_cycles: 0x2132b6b1b43, max_idle_ns: 440795233977 ns
[    7.595790] scsi host0: ata_piix
[    7.635567] scsi host1: ata_piix
[    7.642811] ata1: PATA max UDMA/33 cmd 0x1f0 ctl 0x3f6 bmdma 0xd000 irq 14
[    7.6447] a2PA m UA/ c 0x1 ctl 0x376 bmdma 0xd008 irq 15

[    8.0286]iby:ixed MDIO Bus: probed

[    8.20614] tun: Universal TUN/TAP device driver, 1.6
[    8.257313] tun: (C) 1999-2004 Max Krasnyansky <maxk@qualcomm.com>
[    8.259224] PPP generic driver version 2.4.2
[    8.342837] ehci_hcd: USB 2.0 'Enhanced' Host Controller (EHCI) Driver
[    8.405493] ehci-pci: EHCI PCI platform driver
[    8.406589] ehci-platform: EHCI generic platform driver
[    8.407874] ohci_hcd: USB 1.1 'Open' Host Controller (OHCI) Driver
[    8.409245] ohci-pci: OHCI PCI platform driver
[    8.410297] ohci-platform: OHCI generic platform driver
[    8.411540] uhci_hcd: USB Universal Host Controller Interface driver
[    8.414625] i8042: PNP: PS/2 Controller [PNP0303:PS2K,PNP0f03:PS2M] at 0x60,0x64 irq 1,12
[    8.417621] serio: i8042 KBD port at 0x60,0x64 irq 1
[    8.419184] serio: i8042 AUX port at 0x60,0x64 irq 12
[    8.428505] mousedev: PS/2 mouse device common for all mice
[    8.440643] rtc_cmos rtc_cmos: rtc core: registered rtc_cmos as rtc0
[    8.448948] input: AT Translated Set 2 keyboard as /devices/platform/i8042/serio0/input/input2
[    8.460285] rtc_cmos rtc_cmos: alarms up to one day, 114 bytes nvram
[    8.469815] i2c /dev entries driver
[    8.472579] device-mapper: uevent: versio 1.3
[    8.583341] device-mapper: ioctl: 4.34.0-ioctl (2015-10-28) initialised: dm-devel@redhat.com
[    8.608293] ledtrig-cpu: registered to indicate activity on CPUs
[    8.610636] NET: Registered protocol family 10
[    8.628272] NET: Registered protocol family 17
[    8.629832] Key type dns_resolver registered
[    8.631852] registered taskstats version 1
[    8.633290] Loading compiled-in X.509 certificates
[    8.636456] Loaded X.509 cert 'Build time autogenerated kernel key: 7c9fb337b82e5a343493fe891c556beae1895c7c'
[    8.639427] zswap: loaded using pool lzo/zbud
[    8.642346] Key type trusted registered
[    8.648366] Key type encrypted registered
[    8.649650] AppArmor: AppArmor sha1 policy hashing enabled
[    8.651350] ima: No TPM chip found, activating TPM-bypass!
[    8.679538] ima: Allocated hash algorithm: sha1
[    8.707539] evm: HMAC attrs: 0x1
[    8.709043]   Magic number: 3:843:14
[    8.738887] rtc_cmos rtc_cmos: setting system clock to 2019-05-30 06:00:31 UTC (1559196031)
[    8.758045] BIOS EDD facility v0.16 2004-Jun-25, 0 devices found
[    .765684]DDnfmaonotvaab.
[    9.163622] Freeing unused kernel memory: 1528K
[    9.186856] Write protecting the kernel read-only data: 14336k
[    9.209479] Freeing unused kernel memory: 1660K
[    9.213073] Freeing unused kernel memory: 88K
Loading, please wait...
starting version 229
[    9.264793] random: udevadm: uninitialized urandom read (16 bytes read, 3 bits of entropy available)
[    9.264836] random: systemd-udevd: uninitialized urandom read (16 bytes read, 3 bits of entropy available)
[    9.265090] random: systemd-udevd: uninitialized urandom read (16 bytes read, 3 bits of entropy available)
[    9.265099] random: systemd-udevd: uninitialized urandom read (16 bytes read, 3 bits of entropy available)
[    9.265109] random: systemd-udevd: uninitialized urandom read (16 bytes read, 3 bits of entropy available)
[    9.504346] random: udevadm: uninitialized urandom read (16 bytes read, 3 bits of entropy available)
[    9.511138] random: systemd-udevd: uninitialized urandom read (16 bytes read, 3 bits of entropy available)
[    9.517707] random: udevadm: uninitialized urandom read (16 bytes read, 3 bits of entropy available)
[    9.518533] random: systemd-udevd: uninitialized urandom read (16 bytes read, 3 bits of entropy available)
[    9.518541] random: systemd-udevd: uninitialized urandom read (16 bytes read, 3 bits of entropy available)
[    9.593846] e1000: Intel(R) PRO/1000 Network Driver - version 7.3.21-k8-NAPI
[    9.595603] e1000: Copyright (c) 1999-2006 Intel Corporation.
[    9.612643] Fusion MPT base driver 3.04.20
[    9.613797] Copyright (c) 1999-2008 LSI Corporation
[    9.627651] AVX2 version of gcm_enc/dec engaged.
[    9.629090] AES CTR mode by8 optimization enabled
[    9.631866] Fusion MPT SPI Host driver 3.04.20
[    9.821508] input: ImExPS/2 Generic Explorer Mouse as /devices/platform/i8042/serio1/input/input4
[   10.000752] e1000 0000:00:03.0 eth0: (PCI:33MHz:32-bit) 02:54:44:01:5d:80
[   10.042802] e1000 0000:00:03.0 eth0: Intel(R) PRO/1000 Network Connection
[   10.448114] e1000 0000:00:08.0 eth1: (PCI:33MHz:32-bit) 08:00:27:38:fd:cf
[   10.522969] e1000 0000:00:08.0 eth1: Intel(R) PRO/1000 Network Connection
[   10.616384] e1000 0000:00:08.0 enp0s8: renamed from eth1
[   10.618894] mptbase: ioc0: Initiating bringup
[   10.627903] e1000 0000:00:03.0 enp0s3: renamed from eth0
[   11.071883] ioc0: LSI53C1030 A0: Capabilities={Initiator}
[   11.466731] scsi host2: ioc0: LSI53C1030 A0, FwRev=00000000h, Ports=1, MaxQ=256, IRQ=20
[   12.275969] scsi 2:0:0:0: Direct-Access     VBOX     HARDDISK         1.0  PQ: 0 ANSI: 5
[   12.429028] scsi target2:0:0: Beginning Domain Validation
[   12.465830] scsi target2:0:0: Domain Validation skipping write tests
[   12.797385] scsi target2:0:0: Ending Domain Validation
[   12.799063] scsi target2:0:0: asynchronous
[   13.417542] scsi 2:0:1:0: Direct-Access     VBOX     HARDDISK         1.0  PQ: 0 ANSI: 5
[   13.478169] scsi target2:0:1: Beginning Domain Validation
[   13.486116] scsi target2:0:1: Domain Validation skipping write tests
[   13.487535] scsi target2:0:1: Ending Domain Validation
[   13.488739] scsi target2:0:1: asynchronous
[   13.495841] sd 2:0:0:0: [sda] 20971520 512-byte logical blocks: (10.7 GB/10.0 GiB)
[   13.495842] sd 2:0:0:0: Attached scsi generic sg0 type 0
[   13.496312] sd 2:0:1:0: Attached scsi generic sg1 type 0
[   13.496546] sd 2:0:1:0: [sdb] 20480 512-byte logical blocks: (10.5 MB/10.0 MiB)
[   13.496733] sd 2:0:1:0: [sdb] Write Protect is off
[   13.496834] sd 2:0:1:0: [sdb] Incomplete mode parameter data
[   13.496836] sd 2:0:1:0: [sdb] Assuming drive cache: write through
[   13.498581] sd 2:0:1:0: [sdb] Attached SCSI disk
[   13.846635] sd 2:0:0:0: [sda] Write Protect is off
[   13.905768] sd 2:0:0:0: [sda] Incomplete mode parameter data
[   13.913152] sd 2:0:0:0: [sda] Assuming drive cache: write through
[   13.919791]  sda: sda1
[   13.921830] sd 2:0:0:0: [sda] Attached SCSI disk
Begin: Loading e[   15.233620] md: linear personality registered for level -1
ssential drivers[   15.260658] md: multipath personality registered for level -4
 ... [   15.315218] md: raid0 personality registered for level 0
[   15.383525] md: raid1 personality registered for level 1
[   15.462713] raid6: sse2x1   gen() 12108 MB/s
[   15.530720] raid6: sse2x1   xor()  9156 MB/s
[   15.622705] raid6: sse2x2   gen() 15291 MB/s
[   15.706735] raid6: sse2x2   xor() 10281 MB/s
[   15.774722] raid6: sse2x4   gen() 17304 MB/s
[   15.858651] raid6: sse2x4   xor() 12153 MB/s
[   15.930710] raid6: avx2x1   gen() 24384 MB/s
[   16.030696] raid6: avx2x2   gen() 28740 MB/s
[   16.118674] raid6: avx2x4   gen() 30336 MB/s
[   16.125362] raid6: using algorithm avx2x4 gen() 30336 MB/s
[   16.126652] raid6: using avx2x2 recovery algorithm
[   16.129107] xor: automatically using best checksumming function:
[   16.170593]    avx       : 19588.000 MB/sec
[   16.176210] async_tx: api initialized (async)
[   16.193210] md: raid6 personality registered for level 6
[   16.196451] md: raid5 personality registered for level 5
[   16.207819] md: raid4 personality registered for level 4
[   16.216545] md: raid10 personality registered for level 10
done.
Begin: Running /scripts/init-premount ... done.
Begin: Mounting root file system ... Begin: Running /scr[   16.270067] Btrfs loaded
ipts/local-top ... done.
Begin: Running /scripts/local-premount ... Scanning for Btrfs filesystems
done.
Warning: fsck not present, so skipping root file system
[   16.347911] EXT4-fs (sda1): mounted filesystem with ordered data mode. Opts: (null)
done.
Begin: Running /scripts/local-bottom ... done.
Begin: Running /scripts/init-bottom ... done.
[   16.452145] systemd[1]: systemd 229 running in system mode. (+PAM +AUDIT +SELINUX +IMA +APPARMOR +SMACK +SYSVINIT +UTMP +LIBCRYPTSETUP +GCRYPT +GNUTLS +ACL +XZ -LZ4 +SECCOMP +BLKID +ELFUTILS +KMOD -IDN)
[   16.683492] systemd[1]: Detected virtualization oracle.
[   16.772321] systemd[1]: Detected architecture x86-64.

Welcome to [1mUbuntu 16.04.5 LTS[0m!

[   16.892115] systemd[1]: Set hostname to <develop>.
[   17.137196] systemd[1]: Listening on Journal Audit Socket.
[[0;32m  OK  [0m] Listening on Journal Audit Socket.
[   17.190961] systemd[1]: Listening on Journal Socket (/dev/log).
[[0;32m  OK  [0m] Listening on Journal Socket (/dev/log).
[   17.220809] systemd[1]: Listening on /dev/initctl Compatibility Named Pipe.
[[0;32m  OK  [0m] Listening on /dev/initctl Compatibility Named Pipe.
[   17.226182] systemd[1]: Listening on udev Control Socket.
[[0;32m  OK  [0m] Listening on udev Control Socket.
[   17.229666] systemd[1]: Listening on LVM2 metadata daemon socket.
[[0;32m  OK  [0m] Listening on LVM2 metadata daemon socket.
[   17.233324] systemd[1]: Listening on udev Kernel Socket.
[[0;32m  OK  [0m] Listening on udev Kernel Socket.
[   17.236695] systemd[1]: Listening on Syslog Socket.
[[0;32m  OK  [0m] Listening on Syslog Socket.
[   17.239813] systemd[1]: Reached target System Time Synchronized.
[[0;32m  OK  [0m] Reached target System Time Synchronized.
[   17.246111] systemd[1]: Reached target User and Group Name Lookups.
[[0;32m  OK  [0m] Reached target User and Group Name Lookups.
[   17.273613] systemd[1]: Listening on Device-mapper event daemon FIFOs.
[[0;32m  OK  [0m] Listening on Device-mapper event daemon FIFOs.
[   17.281890] systemd[1]: Listening on LVM2 poll daemon socket.
[[0;32m  OK  [0m] Listening on LVM2 poll daemon socket.
[   17.290252] systemd[1]: Reached target Swap.
[[0;32m  OK  [0m] Reached target Swap.
[   17.294705] systemd[1]: Listening on Journal Socket.
[[0;32m  OK  [0m] Listening on Journal Socket.
[   17.313182] systemd[1]: Set up automount Arbitrary Executable File Formats File System Automount Point.
[[0;32m  OK  [0m] Set up automount Arbitrary Executab...ats File System Automount Point.
[   17.367440] systemd[1]: Started Forward Password Requests to Wall Directory Watch.
[[0;32m  OK  [0m] Started Forward Password Requests to Wall Directory Watch.
[   17.548126] systemd[1]: Reached target Encrypted Volumes.
[[0;32m  OK  [0m] Reached target Encrypted Volumes.
[   17.679750] systemd[1]: Created slice System Slice.
[[0;32m  OK  [0m] Created slice System Slice.
[   17.767463] systemd[1]: Starting Journal Service...
         Starting Journal Service...
[   17.834896] systemd[1]: Mounting POSIX Message Queue File System...
[   17.836350] random: nonblocking pool is initialized
         Mounting POSIX Message Queue File System...
[   17.951221] systemd[1]: Starting Load Kernel Modules...
         Startin[   17.960598] Loading iSCSI transport class v2.0-870.
g Load Kernel Modules...
[   17.993701] iscsi: registered transport (tcp)
[   18.251382] systemd[1]: Starting Set console keymap...
         Starting Set console keymap...
[   18.277915] systemd[1]: Created slice system-postgresql.slice.
[[0;32m  OK  [0m] Created slice system-postgresql.slice.
[   18.301312] iscsi: registered transport (iser)
[   18.315304] systemd[1]: Starting Monitoring of LVM2 mirrors, snapshots etc. using dmeventd or progress polling...
         Starting Monitoring of LVM2 mirrors... dmeventd or progress polling...
[   18.348041] systemd[1]: Starting Nameserver information manager...
         Starting Nameserver information manager...
[   18.354267] systemd[1]: Starting Remount Root and Kernel File Systems...
[   18.359147] EXT4-fs (sda1): re-mounted. Opts: (null)
         Starting Remount Root and Kernel File Systems...
[   18.372504] systemd[1]: Mounting Huge Pages File System...
         Mounting Huge Pages File System...
[   18.385359] systemd[1]: Mounting Debug File System...
         Mounting Debug File System...
[   18.393114] systemd[1]: Created slice system-serial\x2dgetty.slice.
[[0;32m  OK  [0m] Created slice system-serial\x2dgetty.slice.
[   18.404860] systemd[1]: Starting Create list of required static device nodes for the current kernel...
         Starting Create list of required st... nodes for the current kernel...
[   18.467334] systemd[1]: Starting Uncomplicated firewall...
         Starting Uncomplicated firewall...
[   18.511354] systemd[1]: Started Trigger resolvconf update for networkd DNS.
[[0;32m  OK  [0m] Started Trigger resolvconf update for networkd DNS.
[   18.587422] systemd[1]: Created slice User and Session Slice.
[[0;32m  OK  [0m] Created slice User and Session Slice.
[   18.757737] systemd[1]: Reached target Slices.
[[0;32m  OK  [0m] Reached target Slices.
[   18.864505] systemd[1]: Mounted POSIX Message Queue File System.
[[0;32m  OK  [0m] Mounted POSIX Message Queue File System.
[   18.886122] systemd[1]: Mounted Huge Pages File System.
[[0;32m  OK  [0m] Mounted Huge Pages File System.
[   18.925370] systemd[1]: Mounted Debug File System.
[[0;32m  OK  [0m] Mounted Debug File System.
[   18.999301] systemd[1]: Started Journal Service.
[[0;32m  OK  [0m] Started Journal Service.
[[0;32m  OK  [0m] Started Load Kernel Modules.
[[0;32m  OK  [0m] Started Set console keymap.
[[0;32m  OK  [0m] Started Remount Root and Kernel File Systems.
[[0;32m  OK  [0m] Started Create list of required sta...ce nodes for the current kernel.
[[0;32m  OK  [0m] Started Uncomplicated firewall.
[[0;32m  OK  [0m] Started Nameserver information manager.
[[0;32m  OK  [0m] Started LVM2 metadata daemon.
         Starting Create Static Device Nodes in /dev...
         Starting udev Coldplug all Devices...
         Starting Load/Save Random Seed...
         Starting Apply Kernel Variables...
         Mounting FUSE Control File System...
         Starting Flush Journal to Persistent Storage...
[[0;32m  OK  [0m] Mounted FUSE Control File System.
[[0;32m  OK  [0m] Started Create Static Device Nodes in /dev.
[[0;32m  OK  [0m] Started Load/Save Random Seed.
[[0;32m  OK  [0m] Started Apply Kernel Variables.
[[0;32m  OK  [0m] Started udev Coldplug all Devices.
[[0;32m  OK  [0m] Started Flush Journal to Persistent Storage.
         Starting udev Kernel Device Manager...
[[0;32m  OK  [0m] Started udev Kernel Device Manager.
[[0;32m  OK  [0m] Started Dispatch Password Requests to Console Directory Watch.
[[0;32m  OK  [0m] Started Monitoring of LVM2 mirrors,...ng dmeventd or progress polling.
[[0;32m  OK  [0m] Reached target Local File Systems (Pre).
[[0;32m  OK  [0m] Reached target Local File Systems.
         Starting Set console font and keymap...
         Starting Tell Plymouth To Write Out Runtime Data...
         Starting LSB: AppArmor initialization...
         Starting Initial cloud-init job (pre-networking)...
         Starting Create Volatile Files and Directories...
[[0;32m  OK  [0m] Started Tell Plymouth To Write Out Runtime Data.
[[0;32m  OK  [0m] Started Create Volatile Files and Directories.
         Starting Update UTMP about System Boot/Shutdown...
[[0;32m  OK  [0m] Found device /dev/ttyS0.
[[0;32m  OK  [0m] Started Update UTMP about System Boot/Shutdown.
[[0;32m  OK  [0m] Started LSB: AppArmor initialization.
[[0;32m  OK  [0m] Started Set console font and keymap.
[[0;32m  OK  [0m] Listening on Load/Save RF Kill Switch Status /dev/rfkill Watch.
[[0;32m  OK  [0m] Created slice system-getty.slice.
[[0;32m  OK  [0m] Found device 82540EM Gigabit Ethern...r (PRO/1000 MT Desktop Adapter).
[[0;32m  OK  [0m] Found device 82540EM Gigabit Ethern...r (PRO/1000 MT Desktop Adapter).
[   15.932567] cloud-init[505]: Cloud-init v. 18.4-0ubuntu1~16.04.2 running 'init-local' at Thu, 30 May 2019 06:00:43 +0000. Up 15.70 seconds.
[[0;32m  OK  [0m] Started Initial cloud-init job (pre-networking).
[[0;32m  OK  [0m] Reached target Network (Pre).
         Starting Raise network interfaces...
[[0;32m  OK  [0m] Started ifup for enp0s3.
[[0;32m  OK  [0m] Started ifup for enp0s8.
[[0;32m  OK  [0m] Started Raise network interfaces.
         Starting Initial cloud-init job (metadata service crawler)...
[[0;32m  OK  [0m] Reached target Network.
[   16.629138] cloud-init[1075]: Cloud-init v. 18.4-0ubuntu1~16.04.2 running 'init' at Thu, 30 May 2019 06:00:43 +0000. Up 16.42 seconds.
[   16.632525] cloud-init[1075]: ci-info: ++++++++++++++++++++++++++++++++++++++Net device info+++++++++++++++++++++++++++++++++++++++
[   16.635203] cloud-init[1075]: ci-info: +--------+------+-----------------------------+---------------+--------+-------------------+
[   16.637987] cloud-init[1075]: ci-info: | Device |  Up  |           Address           |      Mask     | Scope  |     Hw-Address    |
[   16.640811] cloud-init[1075]: ci-info: +--------+------+-----------------------------+---------------+--------+-------------------+
[   16.643719] cloud-init[1075]: ci-info: | enp0s3 | True |          10.0.2.15          | 255.255.255.0 | global | 02:54:44:01:5d:80 |
[   16.646527] cloud-init[1075]: ci-info: | enp0s3 | True |  fe80::54:44ff:fe01:5d80/64 |       .       |  link  | 02:54:44:01:5d:80 |
[   16.649328] cloud-init[1075]: ci-info: | enp0s8 | True |        192.168.33.10        | 255.255.255.0 | global | 08:00:27:38:fd:cf |
[   16.652098] cloud-init[1075]: ci-info: | enp0s8 | True | fe80::a00:27ff:fe38:fdcf/64 |       .       |  link  | 08:00:27:38:fd:cf |
[   16.654839] cloud-init[1075]: ci-info: |   lo   | True |          127.0.0.1          |   255.0.0.0   |  host  |         .         |
[   16.657586] cloud-init[1075]: ci-info: |   lo   | True |           ::1/128           |       .       |  host  |         .         |
[   16.660373] cloud-init[1075]: ci-info: +--------+------+-----------------------------+---------------+--------+-------------------+
[   16.663185] cloud-init[1075]: ci-info: ++++++++++++++++++++++++++++Route IPv4 info++++++++++++++++++++++++++++
[   16.665633] cloud-init[1075]: ci-info: +-------+--------------+----------+---------------+-----------+-------+
[   16.668561] cloud-init[1075]: ci-info: | Route | Destination  | Gateway  |    Genmask    | Interface | Flags |
[   16.671223] cloud-init[1075]: ci-info: +-------+--------------+----------+---------------+-----------+-------+
[   16.673669] cloud-init[1075]: ci-info: |   0   |   0.0.0.0    | 10.0.2.2 |    0.0.0.0    |   enp0s3  |   UG  |
[   16.725670] cloud-init[1075]: ci-info: |   1   |   10.0.2.0   | 0.0.0.0  | 255.255.255.0 |   enp0s3  |   U   |
[   16.726553] cloud-init[1075]: ci-info: |   2   | 192.168.33.0 | 0.0.0.0  | 255.255.255.0 |   enp0s8  |   U   |
[   16.727007] cloud-init[1075]: ci-info: +-------+--------------+----------+---------------+-----------+-------+
[   16.727326] cloud-init[1075]: ci-info: +++++++++++++++++++Route IPv6 info+++++++++++++++++++
[   16.727664] cloud-init[1075]: ci-info: +-------+-------------+---------+-----------+-------+
[   16.728126] cloud-init[1075]: ci-info: | Route | Destination | Gateway | Interface | Flags |
[   16.728332] cloud-init[1075]: ci-info: +-------+-------------+---------+-----------+-------+
[   16.728590] cloud-init[1075]: ci-info: |   0   |  fe80::/64  |    ::   |   enp0s8  |   U   |
[   16.728845] cloud-init[1075]: ci-info: |   1   |  fe80::/64  |    ::   |   enp0s3  |   U   |
[   16.729109] cloud-init[1075]: ci-info: |   4   |   ff00::/8  |    ::   |   enp0s8  |   U   |
[   16.729366] cloud-init[1075]: ci-info: |   5   |   ff00::/8  |    ::   |   enp0s3  |   U   |
[   16.729637] cloud-init[1075]: ci-info: +-------+-------------+---------+-----------+-------+
[[0;32m  OK  [0m] Started Initial cloud-init job (metadata service crawler).
[[0;32m  OK  [0m] Reached target System Initialization.
[[0;32m  OK  [0m] Started ACPI Events Check.
[[0;32m  OK  [0m] Reached target Paths.
[[0;32m  OK  [0m] Listening on UUID daemon activation socket.
[[0;32m  OK  [0m] Listening on ACPID Listen Socket.
[[0;32m  OK  [0m] Started Daily apt download activities.
[[0;32m  OK  [0m] Started Daily Cleanup of Temporary Directories.
[[0;32m  OK  [0m] Started Daily apt upgrade and clean activities.
[[0;32m  OK  [0m] Listening on D-Bus System Message Bus Socket.
         Starting LXD - unix socket.
         Starting Socket activation for snappy daemon.
[[0;32m  OK  [0m] Started Clean PHP session files every 30 mins.
[[0;32m  OK  [0m] Reached target Timers.
[[0;32m  OK  [0m] Reached target Network is Online.
         Starting iSCSI initiator daemon (iscsid)...
[[0;32m  OK  [0m] Reached target Cloud-config availability.
[[0;32m  OK  [0m] Listening on LXD - unix socket.
[[0;32m  OK  [0m] Listening on Socket activation for snappy daemon.
[[0;32m  OK  [0m] Reached target Sockets.
[[0;32m  OK  [0m] Reached target Basic System.
         Starting Accounts Service...
[[0;32m  OK  [0m] Started ACPI event daemon.
         Starting LSB: Record successful boot for GRUB...
         Starting LSB: MD monitoring daemon...
[[0;32m  OK  [0m] Started FUSE filesystem for LXC.
         Starting Snappy daemon...
         Starting /etc/rc.local Compatibility...
[[0;32m  OK  [0m] Started D-Bus System Message Bus.
         Starting OpenBSD Secure Shell server...
         Starting PostgreSQL Cluster 9.6-main...
         Starting Login Service...
[[0;32m  OK  [0m] Started Deferred execution scheduler.
[[0;32m  OK  [0m] Started Regular background program processing daemon.
         Starting System Logging Service...
         Starting vboxadd.service...
[[0;32m  OK  [0m] Started Unattended Upgrades Shutdown.
         Starting The PHP 7.3 FastCGI Process Manager...
         Starting LXD - container startup/shutdown...
[[0;32m  OK  [0m] Started iSCSI initiator daemon (iscsid).
[[0;32m  OK  [0m] Started /etc/rc.local Compatibility.
[[0;32m  OK  [0m] Started System Logging Service.
[[0;32m  OK  [0m] Started OpenBSD Secure Shell server.
[[0;32m  OK  [0m] Started LSB: Record successful boot for GRUB.
[[0;32m  OK  [0m] Started LSB: MD monitoring daemon.
[[0;32m  OK  [0m] Started LXD - container startup/shutdown.
[[0;32m  OK  [0m] Started Snappy daemon.
         Starting Authenticate and Authorize Users to Run Privileged Tasks...
         Starting Wait until snapd is fully seeded...
         Starting Login to default iSCSI targets...
[[0;32m  OK  [0m] Started Login Service.
[[0;32m  OK  [0m] Started Login to default iSCSI targets.
[[0;32m  OK  [0m] Reached target Remote File Systems (Pre).
[[0;32m  OK  [0m] Reached target Remote File Systems.
         Starting LSB: automatic crash report generation...
         Starting LSB: Set the CPU Frequency Scaling governor to "ondemand"...
         Starting LSB: Start/stop sysstat's sadc...
         Starting Permit User Sessions...
         Starting LSB: Apache2 web server...
         Starting LSB: daemon to balance interrupts for SMP systems...
[[0;32m  OK  [0m] Started The PHP 7.3 FastCGI Process Manager.
[[0;32m  OK  [0m] Started Wait until snapd is fully seeded.
[[0;32m  OK  [0m] Started Permit User Sessions.
[[0;32m  OK  [0m] Started Authenticate and Authorize Users to Run Privileged Tasks.
[[0;32m  OK  [0m] Started Accounts Service.
[[0;32m  OK  [0m] Started LSB: automatic crash report generation.
[[0;32m  OK  [0m] Started LSB: Set the CPU Frequency Scaling governor to "ondemand".
[[0;32m  OK  [0m] Started LSB: Start/stop sysstat's sadc.
         Starting Terminate Plymouth Boot Screen...
         Starting Hold until boot process finishes up...
         Starting Apply the settings specified in cloud-config...
[[0;32m  OK  [0m] Started LSB: daemon to balance interrupts for SMP systems.
[[0;32m  OK  [0m] Started Hold until boot process finishes up.
[[0;32m  OK  [0m] Started Terminate Plymouth Boot Screen.
[[0;32m  OK  [0m] Started Getty on tty1.
[[0;32m  OK  [0m] Started Serial Getty on ttyS0.
[[0;32m  OK  [0m] Reached target Login Prompts.
         Starting Set console scheme...
[[0;32m  OK  [0m] Started Set console scheme.
[[0;32m  OK  [0m] Started vboxadd.service.
         Starting vboxadd-service.service...
[[0;32m  OK  [0m] Started vboxadd-service.service.
[   18.516686] cloud-init[1344]: Cloud-init v. 18.4-0ubuntu1~16.04.2 running 'modules:config' at Thu, 30 May 2019 06:00:45 +0000. Up 18.44 seconds.
[[0;32m  OK  [0m] Started Apply the settings specified in cloud-config.
[[0;32m  OK  [0m] Started LSB: Apache2 web server.
[[0;32m  OK  [0m] Started PostgreSQL Cluster 9.6-main.
         Starting PostgreSQL RDBMS...
[[0;32m  OK  [0m] Started PostgreSQL RDBMS.
[[0;32m  OK  [0m] Reached target Multi-User System.
         Starting Execute cloud user/final scripts...
[[0;32m  OK  [0m] Reached target Graphical Interface.
         Starting Update UTMP about System Runlevel Changes...
[[0;32m  OK  [0m] Started Update UTMP about System Runlevel Changes.
[   20.419578] cloud-init[1439]: Cloud-init v. 18.4-0ubuntu1~16.04.2 running 'modules:final' at Thu, 30 May 2019 06:00:47 +0000. Up 20.33 seconds.
[   20.436849] cloud-init[1439]: Cloud-init v. 18.4-0ubuntu1~16.04.2 finished at Thu, 30 May 2019 06:00:47 +0000. Datasource DataSourceNoCloud [seed=/dev/sdb][dsmode=net].  Up 20.41 seconds
[[0;32m  OK  [0m] Started Execute cloud user/final scripts.
[[0;32m  OK  [0m] Reached target Cloud-init target.

Ubuntu 16.04.5 LTS develop ttyS0

develop login: 